2018-05-31 11:11:41.062 [main] INFO  org.springframework.test.context.support.DefaultTestContextBootstrapper - Loaded default TestExecutionListener class names from location [META-INF/spring.factories]: [org.springframework.test.context.web.ServletTestExecutionListener, org.springframework.test.context.support.DirtiesContextBeforeModesTestExecutionListener, org.springframework.test.context.support.DependencyInjectionTestExecutionListener, org.springframework.test.context.support.DirtiesContextTestExecutionListener, org.springframework.test.context.transaction.TransactionalTestExecutionListener, org.springframework.test.context.jdbc.SqlScriptsTestExecutionListener]
2018-05-31 11:11:41.102 [main] INFO  org.springframework.test.context.support.DefaultTestContextBootstrapper - Using TestExecutionListeners: [org.springframework.test.context.web.ServletTestExecutionListener@76329302, org.springframework.test.context.support.DirtiesContextBeforeModesTestExecutionListener@5e25a92e, org.springframework.test.context.support.DependencyInjectionTestExecutionListener@4df828d7, org.springframework.test.context.support.DirtiesContextTestExecutionListener@b59d31, org.springframework.test.context.transaction.TransactionalTestExecutionListener@62fdb4a6, org.springframework.test.context.jdbc.SqlScriptsTestExecutionListener@11e21d0e]
2018-05-31 11:11:41.228 [main] INFO  org.springframework.beans.factory.xml.XmlBeanDefinitionReader - Loading XML bean definitions from class path resource [spring-mybatis.xml]
2018-05-31 11:11:41.630 [main] INFO  org.springframework.context.support.GenericApplicationContext - Refreshing org.springframework.context.support.GenericApplicationContext@145eaa29: startup date [Thu May 31 11:11:41 CST 2018]; root of context hierarchy
2018-05-31 11:11:41.969 [main] INFO  org.springframework.beans.factory.annotation.AutowiredAnnotationBeanPostProcessor - JSR-330 'javax.inject.Inject' annotation found and supported for autowiring
2018-05-31 11:11:43.555 [main] INFO  com.alibaba.druid.pool.DruidDataSource - {dataSource-1} inited
2018-05-31 11:11:43.674 [main] INFO  com.kasey.ssm.dao.IUserMapperTest - 查询结果是:User(id=1, name=zhangsan, sex=男, password=123456, desc=呆萌)
2018-05-31 11:11:43.676 [main] INFO  com.kasey.ssm.dao.IUserMapperTest - 查询结果是:User(id=2, name=lisi, sex=女, password=123456, desc=古灵精怪)
2018-05-31 11:11:43.680 [Thread-1] INFO  org.springframework.context.support.GenericApplicationContext - Closing org.springframework.context.support.GenericApplicationContext@145eaa29: startup date [Thu May 31 11:11:41 CST 2018]; root of context hierarchy
2018-05-31 11:11:43.686 [Thread-1] INFO  com.alibaba.druid.pool.DruidDataSource - {dataSource-1} closed
2018-05-31 11:19:29.367 [main] INFO  org.springframework.test.context.support.DefaultTestContextBootstrapper - Loaded default TestExecutionListener class names from location [META-INF/spring.factories]: [org.springframework.test.context.web.ServletTestExecutionListener, org.springframework.test.context.support.DirtiesContextBeforeModesTestExecutionListener, org.springframework.test.context.support.DependencyInjectionTestExecutionListener, org.springframework.test.context.support.DirtiesContextTestExecutionListener, org.springframework.test.context.transaction.TransactionalTestExecutionListener, org.springframework.test.context.jdbc.SqlScriptsTestExecutionListener]
2018-05-31 11:19:29.391 [main] INFO  org.springframework.test.context.support.DefaultTestContextBootstrapper - Using TestExecutionListeners: [org.springframework.test.context.web.ServletTestExecutionListener@4148db48, org.springframework.test.context.support.DirtiesContextBeforeModesTestExecutionListener@282003e1, org.springframework.test.context.support.DependencyInjectionTestExecutionListener@7fad8c79, org.springframework.test.context.support.DirtiesContextTestExecutionListener@71a794e5, org.springframework.test.context.transaction.TransactionalTestExecutionListener@76329302, org.springframework.test.context.jdbc.SqlScriptsTestExecutionListener@5e25a92e]
2018-05-31 11:19:29.628 [main] INFO  org.springframework.beans.factory.xml.XmlBeanDefinitionReader - Loading XML bean definitions from class path resource [spring-mybatis.xml]
2018-05-31 11:19:29.961 [main] INFO  org.springframework.context.support.GenericApplicationContext - Refreshing org.springframework.context.support.GenericApplicationContext@44a664f2: startup date [Thu May 31 11:19:29 CST 2018]; root of context hierarchy
2018-05-31 11:19:30.272 [main] INFO  org.springframework.beans.factory.annotation.AutowiredAnnotationBeanPostProcessor - JSR-330 'javax.inject.Inject' annotation found and supported for autowiring
2018-05-31 11:19:32.268 [main] INFO  com.alibaba.druid.pool.DruidDataSource - {dataSource-1} inited
2018-05-31 11:19:32.401 [main] INFO  org.springframework.beans.factory.xml.XmlBeanDefinitionReader - Loading XML bean definitions from class path resource [org/springframework/jdbc/support/sql-error-codes.xml]
2018-05-31 11:19:32.433 [main] INFO  org.springframework.jdbc.support.SQLErrorCodesFactory - SQLErrorCodes loaded: [DB2, Derby, H2, HDB, HSQL, Informix, MS-SQL, MySQL, Oracle, PostgreSQL, Sybase]
2018-05-31 11:19:32.454 [Thread-1] INFO  org.springframework.context.support.GenericApplicationContext - Closing org.springframework.context.support.GenericApplicationContext@44a664f2: startup date [Thu May 31 11:19:29 CST 2018]; root of context hierarchy
2018-05-31 11:19:32.462 [Thread-1] INFO  com.alibaba.druid.pool.DruidDataSource - {dataSource-1} closed
2018-05-31 11:20:09.340 [main] INFO  org.springframework.test.context.support.DefaultTestContextBootstrapper - Loaded default TestExecutionListener class names from location [META-INF/spring.factories]: [org.springframework.test.context.web.ServletTestExecutionListener, org.springframework.test.context.support.DirtiesContextBeforeModesTestExecutionListener, org.springframework.test.context.support.DependencyInjectionTestExecutionListener, org.springframework.test.context.support.DirtiesContextTestExecutionListener, org.springframework.test.context.transaction.TransactionalTestExecutionListener, org.springframework.test.context.jdbc.SqlScriptsTestExecutionListener]
2018-05-31 11:20:09.358 [main] INFO  org.springframework.test.context.support.DefaultTestContextBootstrapper - Using TestExecutionListeners: [org.springframework.test.context.web.ServletTestExecutionListener@4148db48, org.springframework.test.context.support.DirtiesContextBeforeModesTestExecutionListener@282003e1, org.springframework.test.context.support.DependencyInjectionTestExecutionListener@7fad8c79, org.springframework.test.context.support.DirtiesContextTestExecutionListener@71a794e5, org.springframework.test.context.transaction.TransactionalTestExecutionListener@76329302, org.springframework.test.context.jdbc.SqlScriptsTestExecutionListener@5e25a92e]
2018-05-31 11:20:09.527 [main] INFO  org.springframework.beans.factory.xml.XmlBeanDefinitionReader - Loading XML bean definitions from class path resource [spring-mybatis.xml]
2018-05-31 11:20:09.982 [main] INFO  org.springframework.context.support.GenericApplicationContext - Refreshing org.springframework.context.support.GenericApplicationContext@44a664f2: startup date [Thu May 31 11:20:09 CST 2018]; root of context hierarchy
2018-05-31 11:20:10.398 [main] INFO  org.springframework.beans.factory.annotation.AutowiredAnnotationBeanPostProcessor - JSR-330 'javax.inject.Inject' annotation found and supported for autowiring
2018-05-31 11:20:12.441 [main] INFO  com.alibaba.druid.pool.DruidDataSource - {dataSource-1} inited
2018-05-31 11:20:12.537 [main] INFO  org.springframework.beans.factory.xml.XmlBeanDefinitionReader - Loading XML bean definitions from class path resource [org/springframework/jdbc/support/sql-error-codes.xml]
2018-05-31 11:20:12.565 [main] INFO  org.springframework.jdbc.support.SQLErrorCodesFactory - SQLErrorCodes loaded: [DB2, Derby, H2, HDB, HSQL, Informix, MS-SQL, MySQL, Oracle, PostgreSQL, Sybase]
2018-05-31 11:20:12.581 [Thread-1] INFO  org.springframework.context.support.GenericApplicationContext - Closing org.springframework.context.support.GenericApplicationContext@44a664f2: startup date [Thu May 31 11:20:09 CST 2018]; root of context hierarchy
2018-05-31 11:20:12.585 [Thread-1] INFO  com.alibaba.druid.pool.DruidDataSource - {dataSource-1} closed
2018-05-31 11:28:48.340 [main] INFO  org.springframework.test.context.support.DefaultTestContextBootstrapper - Loaded default TestExecutionListener class names from location [META-INF/spring.factories]: [org.springframework.test.context.web.ServletTestExecutionListener, org.springframework.test.context.support.DirtiesContextBeforeModesTestExecutionListener, org.springframework.test.context.support.DependencyInjectionTestExecutionListener, org.springframework.test.context.support.DirtiesContextTestExecutionListener, org.springframework.test.context.transaction.TransactionalTestExecutionListener, org.springframework.test.context.jdbc.SqlScriptsTestExecutionListener]
2018-05-31 11:28:48.357 [main] INFO  org.springframework.test.context.support.DefaultTestContextBootstrapper - Using TestExecutionListeners: [org.springframework.test.context.web.ServletTestExecutionListener@4148db48, org.springframework.test.context.support.DirtiesContextBeforeModesTestExecutionListener@282003e1, org.springframework.test.context.support.DependencyInjectionTestExecutionListener@7fad8c79, org.springframework.test.context.support.DirtiesContextTestExecutionListener@71a794e5, org.springframework.test.context.transaction.TransactionalTestExecutionListener@76329302, org.springframework.test.context.jdbc.SqlScriptsTestExecutionListener@5e25a92e]
2018-05-31 11:28:48.547 [main] INFO  org.springframework.beans.factory.xml.XmlBeanDefinitionReader - Loading XML bean definitions from class path resource [spring-mybatis.xml]
2018-05-31 11:28:48.996 [main] INFO  org.springframework.context.support.GenericApplicationContext - Refreshing org.springframework.context.support.GenericApplicationContext@44a664f2: startup date [Thu May 31 11:28:48 CST 2018]; root of context hierarchy
2018-05-31 11:28:49.313 [main] INFO  org.springframework.beans.factory.annotation.AutowiredAnnotationBeanPostProcessor - JSR-330 'javax.inject.Inject' annotation found and supported for autowiring
2018-05-31 11:30:29.166 [main] INFO  org.springframework.test.context.support.DefaultTestContextBootstrapper - Loaded default TestExecutionListener class names from location [META-INF/spring.factories]: [org.springframework.test.context.web.ServletTestExecutionListener, org.springframework.test.context.support.DirtiesContextBeforeModesTestExecutionListener, org.springframework.test.context.support.DependencyInjectionTestExecutionListener, org.springframework.test.context.support.DirtiesContextTestExecutionListener, org.springframework.test.context.transaction.TransactionalTestExecutionListener, org.springframework.test.context.jdbc.SqlScriptsTestExecutionListener]
2018-05-31 11:30:29.184 [main] INFO  org.springframework.test.context.support.DefaultTestContextBootstrapper - Using TestExecutionListeners: [org.springframework.test.context.web.ServletTestExecutionListener@4148db48, org.springframework.test.context.support.DirtiesContextBeforeModesTestExecutionListener@282003e1, org.springframework.test.context.support.DependencyInjectionTestExecutionListener@7fad8c79, org.springframework.test.context.support.DirtiesContextTestExecutionListener@71a794e5, org.springframework.test.context.transaction.TransactionalTestExecutionListener@76329302, org.springframework.test.context.jdbc.SqlScriptsTestExecutionListener@5e25a92e]
2018-05-31 11:30:29.340 [main] INFO  org.springframework.beans.factory.xml.XmlBeanDefinitionReader - Loading XML bean definitions from class path resource [spring-mybatis.xml]
2018-05-31 11:30:29.695 [main] INFO  org.springframework.context.support.GenericApplicationContext - Refreshing org.springframework.context.support.GenericApplicationContext@44a664f2: startup date [Thu May 31 11:30:29 CST 2018]; root of context hierarchy
2018-05-31 11:30:30.074 [main] INFO  org.springframework.beans.factory.annotation.AutowiredAnnotationBeanPostProcessor - JSR-330 'javax.inject.Inject' annotation found and supported for autowiring
2018-05-31 11:30:31.873 [main] INFO  com.alibaba.druid.pool.DruidDataSource - {dataSource-1} inited
2018-05-31 11:30:31.978 [main] INFO  com.kasey.ssm.dao.IUserMapperTest - 查询结果是:User(id=1, name=zhangsan, sex=男, password=123456, desc=呆萌)
2018-05-31 11:30:31.980 [main] INFO  com.kasey.ssm.dao.IUserMapperTest - 查询结果是:User(id=2, name=lisi, sex=女, password=123456, desc=古灵精怪)
2018-05-31 11:30:31.980 [main] INFO  com.kasey.ssm.dao.IUserMapperTest - 查询结果是:User(id=3, name=asd, sex=男, password=asd, desc=sasa00)
2018-05-31 11:30:31.984 [Thread-1] INFO  org.springframework.context.support.GenericApplicationContext - Closing org.springframework.context.support.GenericApplicationContext@44a664f2: startup date [Thu May 31 11:30:29 CST 2018]; root of context hierarchy
2018-05-31 11:30:31.990 [Thread-1] INFO  com.alibaba.druid.pool.DruidDataSource - {dataSource-1} closed
2018-05-31 11:30:59.578 [main] INFO  org.springframework.test.context.support.DefaultTestContextBootstrapper - Loaded default TestExecutionListener class names from location [META-INF/spring.factories]: [org.springframework.test.context.web.ServletTestExecutionListener, org.springframework.test.context.support.DirtiesContextBeforeModesTestExecutionListener, org.springframework.test.context.support.DependencyInjectionTestExecutionListener, org.springframework.test.context.support.DirtiesContextTestExecutionListener, org.springframework.test.context.transaction.TransactionalTestExecutionListener, org.springframework.test.context.jdbc.SqlScriptsTestExecutionListener]
2018-05-31 11:30:59.595 [main] INFO  org.springframework.test.context.support.DefaultTestContextBootstrapper - Using TestExecutionListeners: [org.springframework.test.context.web.ServletTestExecutionListener@4148db48, org.springframework.test.context.support.DirtiesContextBeforeModesTestExecutionListener@282003e1, org.springframework.test.context.support.DependencyInjectionTestExecutionListener@7fad8c79, org.springframework.test.context.support.DirtiesContextTestExecutionListener@71a794e5, org.springframework.test.context.transaction.TransactionalTestExecutionListener@76329302, org.springframework.test.context.jdbc.SqlScriptsTestExecutionListener@5e25a92e]
2018-05-31 11:30:59.739 [main] INFO  org.springframework.beans.factory.xml.XmlBeanDefinitionReader - Loading XML bean definitions from class path resource [spring-mybatis.xml]
2018-05-31 11:31:00.103 [main] INFO  org.springframework.context.support.GenericApplicationContext - Refreshing org.springframework.context.support.GenericApplicationContext@44a664f2: startup date [Thu May 31 11:31:00 CST 2018]; root of context hierarchy
2018-05-31 11:31:00.372 [main] INFO  org.springframework.beans.factory.annotation.AutowiredAnnotationBeanPostProcessor - JSR-330 'javax.inject.Inject' annotation found and supported for autowiring
2018-05-31 11:31:02.314 [main] INFO  com.alibaba.druid.pool.DruidDataSource - {dataSource-1} inited
2018-05-31 11:31:02.442 [main] INFO  org.springframework.beans.factory.xml.XmlBeanDefinitionReader - Loading XML bean definitions from class path resource [org/springframework/jdbc/support/sql-error-codes.xml]
2018-05-31 11:31:02.486 [main] INFO  org.springframework.jdbc.support.SQLErrorCodesFactory - SQLErrorCodes loaded: [DB2, Derby, H2, HDB, HSQL, Informix, MS-SQL, MySQL, Oracle, PostgreSQL, Sybase]
2018-05-31 11:31:02.502 [Thread-1] INFO  org.springframework.context.support.GenericApplicationContext - Closing org.springframework.context.support.GenericApplicationContext@44a664f2: startup date [Thu May 31 11:31:00 CST 2018]; root of context hierarchy
2018-05-31 11:31:02.507 [Thread-1] INFO  com.alibaba.druid.pool.DruidDataSource - {dataSource-1} closed
2018-05-31 11:37:13.366 [main] INFO  org.springframework.test.context.support.DefaultTestContextBootstrapper - Loaded default TestExecutionListener class names from location [META-INF/spring.factories]: [org.springframework.test.context.web.ServletTestExecutionListener, org.springframework.test.context.support.DirtiesContextBeforeModesTestExecutionListener, org.springframework.test.context.support.DependencyInjectionTestExecutionListener, org.springframework.test.context.support.DirtiesContextTestExecutionListener, org.springframework.test.context.transaction.TransactionalTestExecutionListener, org.springframework.test.context.jdbc.SqlScriptsTestExecutionListener]
2018-05-31 11:37:13.417 [main] INFO  org.springframework.test.context.support.DefaultTestContextBootstrapper - Using TestExecutionListeners: [org.springframework.test.context.web.ServletTestExecutionListener@4148db48, org.springframework.test.context.support.DirtiesContextBeforeModesTestExecutionListener@282003e1, org.springframework.test.context.support.DependencyInjectionTestExecutionListener@7fad8c79, org.springframework.test.context.support.DirtiesContextTestExecutionListener@71a794e5, org.springframework.test.context.transaction.TransactionalTestExecutionListener@76329302, org.springframework.test.context.jdbc.SqlScriptsTestExecutionListener@5e25a92e]
2018-05-31 11:37:13.612 [main] INFO  org.springframework.beans.factory.xml.XmlBeanDefinitionReader - Loading XML bean definitions from class path resource [spring-mybatis.xml]
2018-05-31 11:37:13.993 [main] INFO  org.springframework.context.support.GenericApplicationContext - Refreshing org.springframework.context.support.GenericApplicationContext@44a664f2: startup date [Thu May 31 11:37:13 CST 2018]; root of context hierarchy
2018-05-31 11:37:14.430 [main] INFO  org.springframework.beans.factory.annotation.AutowiredAnnotationBeanPostProcessor - JSR-330 'javax.inject.Inject' annotation found and supported for autowiring
2018-05-31 11:37:16.174 [main] INFO  com.alibaba.druid.pool.DruidDataSource - {dataSource-1} inited
2018-05-31 11:37:16.317 [main] INFO  org.springframework.beans.factory.xml.XmlBeanDefinitionReader - Loading XML bean definitions from class path resource [org/springframework/jdbc/support/sql-error-codes.xml]
2018-05-31 11:37:16.353 [main] INFO  org.springframework.jdbc.support.SQLErrorCodesFactory - SQLErrorCodes loaded: [DB2, Derby, H2, HDB, HSQL, Informix, MS-SQL, MySQL, Oracle, PostgreSQL, Sybase]
2018-05-31 11:37:16.373 [Thread-1] INFO  org.springframework.context.support.GenericApplicationContext - Closing org.springframework.context.support.GenericApplicationContext@44a664f2: startup date [Thu May 31 11:37:13 CST 2018]; root of context hierarchy
2018-05-31 11:37:16.377 [Thread-1] INFO  com.alibaba.druid.pool.DruidDataSource - {dataSource-1} closed
